<?xml version="1.0" encoding="UTF-8"?>
<!-- Generated by org.testng.reporters.JUnitXMLReporter -->
<testsuite hostname="LM-bwi-00873754" name="Command line test" tests="32" failures="0" timestamp="7 Dec 2015 21:43:46 GMT" time="0.468" errors="0">
  <testcase name="testFindByObjectSuffix" time="0.002" classname="com.paypal.credit.core.semantics.CollectionTypeVocabularyTest"/>
  <testcase name="testGetSimpleName" time="0.0" classname="com.paypal.credit.core.semantics.CollectionTypeVocabularyTest"/>
  <testcase name="testInvalidCommandClassName" time="0.001" classname="com.paypal.credit.core.semantics.CommandClassSemanticsTest"/>
  <testcase name="testValidCommandClassName" time="0.001" classname="com.paypal.credit.core.semantics.CommandClassSemanticsTest"/>
  <testcase name="testValidCommandClassName" time="0.0" classname="com.paypal.credit.core.semantics.CommandClassSemanticsTest"/>
  <testcase name="testKnownValidElements" time="0.001" classname="com.paypal.credit.core.semantics.CommandFactoryMethodSemanticsTest"/>
  <testcase name="testKnownValidElements" time="0.001" classname="com.paypal.credit.core.semantics.CommandFactoryMethodSemanticsTest"/>
  <testcase name="testKnownValidElements" time="0.0" classname="com.paypal.credit.core.semantics.CommandFactoryMethodSemanticsTest"/>
  <testcase name="testFindCommand" time="0.006" classname="com.paypal.credit.core.commandprovider.CommandProviderTest"/>
  <testcase name="testCreateDataSource" time="0.004" classname="com.paypal.credit.core.datasourceprovider.DataSourceProviderFactoryTest"/>
  <testcase name="testFindDataSource" time="0.0" classname="com.paypal.credit.core.datasourceprovider.DataSourceProviderFactoryTest"/>
  <testcase name="test" time="0.295" classname="com.paypal.credit.workflowtest.FullStackTest"/>
  <testcase name="testInvalidLogicalNames" time="0.0" classname="com.paypal.credit.core.semantics.LogicalNameParserTest"/>
  <testcase name="testInvalidLogicalNames" time="0.0" classname="com.paypal.credit.core.semantics.LogicalNameParserTest"/>
  <testcase name="testInvalidLogicalNames" time="0.0" classname="com.paypal.credit.core.semantics.LogicalNameParserTest"/>
  <testcase name="testInvalidLogicalNames" time="0.0" classname="com.paypal.credit.core.semantics.LogicalNameParserTest"/>
  <testcase name="testInvalidLogicalNames" time="0.0" classname="com.paypal.credit.core.semantics.LogicalNameParserTest"/>
  <testcase name="testValidLogicalNames" time="0.0" classname="com.paypal.credit.core.semantics.LogicalNameParserTest"/>
  <testcase name="testValidLogicalNames" time="0.0" classname="com.paypal.credit.core.semantics.LogicalNameParserTest"/>
  <testcase name="testValidLogicalNames" time="0.0" classname="com.paypal.credit.core.semantics.LogicalNameParserTest"/>
  <testcase name="testValidLogicalNames" time="0.0" classname="com.paypal.credit.core.semantics.LogicalNameParserTest"/>
  <testcase name="test" time="0.004" classname="com.paypal.credit.core.processorbridge.ProcessorBridgeDefaultFactoryTest"/>
  <testcase name="testInvalidCommandClassName" time="0.0" classname="com.paypal.credit.core.semantics.ProcessorBridgeMethodSemanticsTest"/>
  <testcase name="testValidRouterMethodName" time="0.0" classname="com.paypal.credit.core.semantics.ProcessorBridgeMethodSemanticsTest"/>
  <testcase name="testValidRouterMethodName" time="0.001" classname="com.paypal.credit.core.semantics.ProcessorBridgeMethodSemanticsTest"/>
  <testcase name="test" time="0.011" classname="com.paypal.credit.workflowcommand.WorkflowFactoryTest"/>
  <testcase name="test" time="0.009" classname="com.paypal.credit.workflowcommand.WorkflowFactoryTest"/>
  <testcase name="test" time="0.011" classname="com.paypal.credit.workflowcommand.WorkflowFactoryTest"/>
  <testcase name="test" time="0.008" classname="com.paypal.credit.workflowcommand.WorkflowReaderTest"/>
  <testcase name="test" time="0.008" classname="com.paypal.credit.workflowcommand.WorkflowReaderTest"/>
  <testcase name="test" time="0.007" classname="com.paypal.credit.workflowcommand.WorkflowReaderTest"/>
  <testcase name="test" time="0.044" classname="com.paypal.credit.workflowcommand.WorkflowReaderTest"/>
</testsuite> <!-- Command line test -->
