<?xml version="1.0" encoding="UTF-8"?>
<!-- Generated by org.testng.reporters.JUnitXMLReporter -->
<testsuite hostname="LM-bwi-00873754" name="Command line test" tests="33" failures="0" timestamp="9 Dec 2015 20:24:17 GMT" time="0.479" errors="0">
  <testcase name="testFindByObjectSuffix" time="0.002" classname="com.paypal.credit.core.semantics.CollectionTypeVocabularyTest"/>
  <testcase name="testGetSimpleName" time="0.0" classname="com.paypal.credit.core.semantics.CollectionTypeVocabularyTest"/>
  <testcase name="testInvalidCommandClassName" time="0.001" classname="com.paypal.credit.core.semantics.CommandClassSemanticsTest"/>
  <testcase name="testValidCommandClassName" time="0.001" classname="com.paypal.credit.core.semantics.CommandClassSemanticsTest"/>
  <testcase name="testValidCommandClassName" time="0.0" classname="com.paypal.credit.core.semantics.CommandClassSemanticsTest"/>
  <testcase name="testKnownValidElements" time="0.001" classname="com.paypal.credit.core.semantics.CommandFactoryMethodSemanticsTest"/>
  <testcase name="testKnownValidElements" time="0.001" classname="com.paypal.credit.core.semantics.CommandFactoryMethodSemanticsTest"/>
  <testcase name="testKnownValidElements" time="0.0" classname="com.paypal.credit.core.semantics.CommandFactoryMethodSemanticsTest"/>
  <testcase name="testFindCommand" time="0.005" classname="com.paypal.credit.core.commandprovider.CommandProviderTest"/>
  <testcase name="testCreateDataSource" time="0.003" classname="com.paypal.credit.core.datasourceprovider.DataSourceProviderFactoryTest"/>
  <testcase name="testFindDataSource" time="0.0" classname="com.paypal.credit.core.datasourceprovider.DataSourceProviderFactoryTest"/>
  <testcase name="testAsynchronousCall" time="0.286" classname="com.paypal.credit.workflowtest.FullStackTest"/>
  <testcase name="testSynchronousCall" time="0.02" classname="com.paypal.credit.workflowtest.FullStackTest"/>
  <testcase name="testInvalidLogicalNames" time="0.0" classname="com.paypal.credit.core.semantics.LogicalNameParserTest"/>
  <testcase name="testInvalidLogicalNames" time="0.0" classname="com.paypal.credit.core.semantics.LogicalNameParserTest"/>
  <testcase name="testInvalidLogicalNames" time="0.0" classname="com.paypal.credit.core.semantics.LogicalNameParserTest"/>
  <testcase name="testInvalidLogicalNames" time="0.0" classname="com.paypal.credit.core.semantics.LogicalNameParserTest"/>
  <testcase name="testInvalidLogicalNames" time="0.001" classname="com.paypal.credit.core.semantics.LogicalNameParserTest"/>
  <testcase name="testValidLogicalNames" time="0.001" classname="com.paypal.credit.core.semantics.LogicalNameParserTest"/>
  <testcase name="testValidLogicalNames" time="0.0" classname="com.paypal.credit.core.semantics.LogicalNameParserTest"/>
  <testcase name="testValidLogicalNames" time="0.0" classname="com.paypal.credit.core.semantics.LogicalNameParserTest"/>
  <testcase name="testValidLogicalNames" time="0.001" classname="com.paypal.credit.core.semantics.LogicalNameParserTest"/>
  <testcase name="test" time="0.004" classname="com.paypal.credit.core.processorbridge.ProcessorBridgeDefaultFactoryTest"/>
  <testcase name="testInvalidCommandClassName" time="0.0" classname="com.paypal.credit.core.semantics.ProcessorBridgeMethodSemanticsTest"/>
  <testcase name="testValidRouterMethodName" time="0.001" classname="com.paypal.credit.core.semantics.ProcessorBridgeMethodSemanticsTest"/>
  <testcase name="testValidRouterMethodName" time="0.001" classname="com.paypal.credit.core.semantics.ProcessorBridgeMethodSemanticsTest"/>
  <testcase name="test" time="0.009" classname="com.paypal.credit.workflowcommand.WorkflowFactoryTest"/>
  <testcase name="test" time="0.01" classname="com.paypal.credit.workflowcommand.WorkflowFactoryTest"/>
  <testcase name="test" time="0.01" classname="com.paypal.credit.workflowcommand.WorkflowFactoryTest"/>
  <testcase name="test" time="0.007" classname="com.paypal.credit.workflowcommand.WorkflowReaderTest"/>
  <testcase name="test" time="0.007" classname="com.paypal.credit.workflowcommand.WorkflowReaderTest"/>
  <testcase name="test" time="0.009" classname="com.paypal.credit.workflowcommand.WorkflowReaderTest"/>
  <testcase name="test" time="0.047" classname="com.paypal.credit.workflowcommand.WorkflowReaderTest"/>
</testsuite> <!-- Command line test -->
